Model summary:
====================================================================================================
Layer (type:depth-idx)                             Output Shape              Param #
====================================================================================================
DeepLabV3Plus                                      [1, 20, 1024, 2048]       --
├─ResNet: 1-1                                      [1, 2048, 64, 128]        --
│    └─Sequential: 2-1                             --                        --
│    │    └─Sequential: 3-1                        [1, 64, 256, 512]         9,536
│    │    └─Sequential: 3-2                        [1, 256, 256, 512]        215,808
│    │    └─Sequential: 3-3                        [1, 512, 128, 256]        1,219,584
│    │    └─Sequential: 3-4                        [1, 1024, 64, 128]        7,098,368
│    │    └─Sequential: 3-5                        [1, 2048, 64, 128]        14,964,736
├─Sequential: 1-2                                  [1, 128, 128, 256]        --
│    └─Conv2d: 2-2                                 [1, 128, 128, 256]        65,664
│    └─BatchNorm2d: 2-3                            [1, 128, 128, 256]        256
│    └─ReLU: 2-4                                   [1, 128, 128, 256]        --
├─ASPP: 1-3                                        [1, 256, 64, 128]         --
│    └─ModuleList: 2-5                             --                        --
│    │    └─Sequential: 3-6                        [1, 128, 64, 128]         262,528
│    │    └─ASPPConv: 3-7                          [1, 128, 64, 128]         2,359,680
│    │    └─ASPPConv: 3-8                          [1, 128, 64, 128]         2,359,680
│    │    └─ASPPConv: 3-9                          [1, 128, 64, 128]         2,359,680
│    │    └─ASPPPooling: 3-10                      [1, 128, 64, 128]         262,528
│    └─Sequential: 2-6                             [1, 256, 64, 128]         --
│    │    └─Conv2d: 3-11                           [1, 256, 64, 128]         164,096
│    │    └─BatchNorm2d: 3-12                      [1, 256, 64, 128]         512
│    │    └─ReLU: 3-13                             [1, 256, 64, 128]         --
├─Sequential: 1-4                                  [1, 256, 128, 256]        --
│    └─Conv2d: 2-7                                 [1, 256, 128, 256]        884,992
│    └─BatchNorm2d: 2-8                            [1, 256, 128, 256]        512
│    └─ReLU: 2-9                                   [1, 256, 128, 256]        --
├─Sequential: 1-5                                  [1, 20, 1024, 2048]       --
│    └─Conv2d: 2-10                                [1, 256, 1024, 2048]      590,080
│    └─BatchNorm2d: 2-11                           [1, 256, 1024, 2048]      512
│    └─ReLU: 2-12                                  [1, 256, 1024, 2048]      --
│    └─Conv2d: 2-13                                [1, 20, 1024, 2048]       5,140
====================================================================================================
Total params: 32,823,892
Trainable params: 32,823,892
Non-trainable params: 0
Total mult-adds (T): 1.60
====================================================================================================
Input size (MB): 25.17
Forward/backward pass size (MB): 17716.74
Params size (MB): 131.30
Estimated Total Size (MB): 17873.20
====================================================================================================
Number of parameters = 32823892
Number of trainable parameters = 32823892
Using 3 GPUs
Epoch 1/20 - Train Loss: 0.0721 - Val Loss: 0.0430
Train IOU: 0.2781 - Val IOU: 0.3723
Train Dice: 0.3630 - Val Dice: 0.4736
Train Pixel Accuracy: 0.3564 - Val Pixel Accuracy: 0.4758

Epoch 2/20 - Train Loss: 0.0363 - Val Loss: 0.0353
Train IOU: 0.3989 - Val IOU: 0.4333
Train Dice: 0.5144 - Val Dice: 0.5528
Train Pixel Accuracy: 0.5058 - Val Pixel Accuracy: 0.5755

Epoch 3/20 - Train Loss: 0.0306 - Val Loss: 0.0323
Train IOU: 0.4431 - Val IOU: 0.4672
Train Dice: 0.5717 - Val Dice: 0.6001
Train Pixel Accuracy: 0.5606 - Val Pixel Accuracy: 0.5934

Epoch 4/20 - Train Loss: 0.0277 - Val Loss: 0.0300
Train IOU: 0.4756 - Val IOU: 0.4879
Train Dice: 0.6125 - Val Dice: 0.6216
Train Pixel Accuracy: 0.6024 - Val Pixel Accuracy: 0.6291

Epoch 5/20 - Train Loss: 0.0258 - Val Loss: 0.0280
Train IOU: 0.4904 - Val IOU: 0.5084
Train Dice: 0.6293 - Val Dice: 0.6475
Train Pixel Accuracy: 0.6288 - Val Pixel Accuracy: 0.6496

Epoch 6/20 - Train Loss: 0.0253 - Val Loss: 0.0276
Train IOU: 0.5003 - Val IOU: 0.5087
Train Dice: 0.6403 - Val Dice: 0.6430
Train Pixel Accuracy: 0.6494 - Val Pixel Accuracy: 0.6931

Epoch 7/20 - Train Loss: 0.0242 - Val Loss: 0.0268
Train IOU: 0.5133 - Val IOU: 0.5212
Train Dice: 0.6548 - Val Dice: 0.6616
Train Pixel Accuracy: 0.6657 - Val Pixel Accuracy: 0.6780

Epoch 8/20 - Train Loss: 0.0234 - Val Loss: 0.0261
Train IOU: 0.5223 - Val IOU: 0.5249
Train Dice: 0.6644 - Val Dice: 0.6634
Train Pixel Accuracy: 0.6811 - Val Pixel Accuracy: 0.6942

Epoch 9/20 - Train Loss: 0.0229 - Val Loss: 0.0253
Train IOU: 0.5409 - Val IOU: 0.5408
Train Dice: 0.6841 - Val Dice: 0.6830
Train Pixel Accuracy: 0.6988 - Val Pixel Accuracy: 0.6912

Epoch 10/20 - Train Loss: 0.0220 - Val Loss: 0.0256
Train IOU: 0.5434 - Val IOU: 0.5413
Train Dice: 0.6858 - Val Dice: 0.6804
Train Pixel Accuracy: 0.7006 - Val Pixel Accuracy: 0.6918

Epoch 11/20 - Train Loss: 0.0217 - Val Loss: 0.0250
Train IOU: 0.5526 - Val IOU: 0.5412
Train Dice: 0.6947 - Val Dice: 0.6826
Train Pixel Accuracy: 0.7122 - Val Pixel Accuracy: 0.6906

Epoch 12/20 - Train Loss: 0.0211 - Val Loss: 0.0245
Train IOU: 0.5623 - Val IOU: 0.5544
Train Dice: 0.7046 - Val Dice: 0.6957
Train Pixel Accuracy: 0.7235 - Val Pixel Accuracy: 0.7133

Epoch 13/20 - Train Loss: 0.0202 - Val Loss: 0.0234
Train IOU: 0.5764 - Val IOU: 0.5566
Train Dice: 0.7178 - Val Dice: 0.6962
Train Pixel Accuracy: 0.7327 - Val Pixel Accuracy: 0.7318

Epoch 14/20 - Train Loss: 0.0197 - Val Loss: 0.0234
Train IOU: 0.5855 - Val IOU: 0.5691
Train Dice: 0.7262 - Val Dice: 0.7078
Train Pixel Accuracy: 0.7441 - Val Pixel Accuracy: 0.7340

Epoch 15/20 - Train Loss: 0.0192 - Val Loss: 0.0233
Train IOU: 0.6010 - Val IOU: 0.5768
Train Dice: 0.7398 - Val Dice: 0.7158
Train Pixel Accuracy: 0.7566 - Val Pixel Accuracy: 0.7165

Epoch 16/20 - Train Loss: 0.0192 - Val Loss: 0.0232
Train IOU: 0.6040 - Val IOU: 0.5832
Train Dice: 0.7422 - Val Dice: 0.7201
Train Pixel Accuracy: 0.7551 - Val Pixel Accuracy: 0.7431

Epoch 17/20 - Train Loss: 0.0185 - Val Loss: 0.0232
Train IOU: 0.6021 - Val IOU: 0.5832
Train Dice: 0.7407 - Val Dice: 0.7214
Train Pixel Accuracy: 0.7581 - Val Pixel Accuracy: 0.7338

Epoch 18/20 - Train Loss: 0.0183 - Val Loss: 0.0228
Train IOU: 0.6134 - Val IOU: 0.5780
Train Dice: 0.7502 - Val Dice: 0.7167
Train Pixel Accuracy: 0.7688 - Val Pixel Accuracy: 0.7367

Epoch 19/20 - Train Loss: 0.0184 - Val Loss: 0.0227
Train IOU: 0.6098 - Val IOU: 0.5772
Train Dice: 0.7469 - Val Dice: 0.7159
Train Pixel Accuracy: 0.7630 - Val Pixel Accuracy: 0.7398

Epoch 20/20 - Train Loss: 0.0181 - Val Loss: 0.0229
Train IOU: 0.6178 - Val IOU: 0.5830
Train Dice: 0.7538 - Val Dice: 0.7213
Train Pixel Accuracy: 0.7705 - Val Pixel Accuracy: 0.7348

Test Loss: 0.6584
Test IOU: 0.0191
Test Dice: 0.0280
Test Pixel Accuracy: 0.0201
